State 13 conflicts: 1 shift/reduce
State 45 conflicts: 1 shift/reduce
State 46 conflicts: 1 shift/reduce
State 47 conflicts: 1 shift/reduce
State 48 conflicts: 1 shift/reduce
State 49 conflicts: 1 shift/reduce
State 50 conflicts: 1 shift/reduce
State 59 conflicts: 1 shift/reduce
State 80 conflicts: 1 shift/reduce
State 81 conflicts: 1 shift/reduce
State 82 conflicts: 1 shift/reduce
State 83 conflicts: 1 shift/reduce
State 84 conflicts: 1 shift/reduce
State 85 conflicts: 1 shift/reduce


Grammar

    0 $accept: function $end

    1 function: function_header_ variables2 body

    2 function_header_: function_header
    3                 | error ';'

    4 function_header: FUNCTION IDENTIFIER parameters RETURNS type ';'

    5 parameters: parameter optional_parameter

    6 optional_parameter: ',' parameter
    7                   | %empty

    8 parameter: IDENTIFIER ':' type

    9 variables2: variables optional_variable

   10 variables: variable optional_variable
   11          | error ';'

   12 optional_variable: variable
   13                  | %empty

   14 variable: IDENTIFIER ':' type IS statement_

   15 type: INTEGER
   16     | REAL
   17     | BOOLEAN

   18 body: BEGIN_ statement_ END ';'

   19 statement_: statement ';'
   20           | error ';'

   21 statement: expression
   22          | REDUCE operator reductions ENDREDUCE
   23          | IF expression THEN statement_ ELSE statement_ ENDIF
   24          | CASE expression IS cases OTHERS ARROWOP statement_ ENDCASE

   25 operator: ADDOP
   26         | MULOP

   27 reductions: reductions statement_
   28           | %empty

   29 cases: case optional_case

   30 optional_case: case
   31              | %empty

   32 case: WHEN INT_LITERAL ARROWOP statement_

   33 expression: expression ANDOP expression2
   34           | expression2

   35 expression2: expression2 OROP relation
   36            | relation

   37 relation: relation RELOP relation2
   38         | relation2

   39 relation2: relation2 REMOP relation3
   40          | relation3

   41 relation3: relation3 EXPOP term
   42          | term

   43 term: term ADDOP factor
   44     | factor

   45 factor: factor MULOP primary
   46       | primary

   47 primary: '(' expression ')'
   48        | NOT expression
   49        | INT_LITERAL
   50        | REAL_LITERAL
   51        | BOOL_LITERAL
   52        | IDENTIFIER


Terminals, with rules where they appear

$end (0) 0
'(' (40) 47
')' (41) 47
',' (44) 6
':' (58) 8 14
';' (59) 3 4 11 18 19 20
error (256) 3 11 20
IDENTIFIER (258) 4 8 14 52
INT_LITERAL (259) 32 49
REAL_LITERAL (260) 50
BOOL_LITERAL (261) 51
ADDOP (262) 25 43
MULOP (263) 26 45
RELOP (264) 37
REMOP (265) 39
EXPOP (266) 41
ARROWOP (267) 24 32
ANDOP (268) 33
OROP (269) 35
BEGIN_ (270) 18
BOOLEAN (271) 17
CASE (272) 24
ELSE (273) 23
END (274) 18
ENDCASE (275) 24
ENDIF (276) 23
ENDREDUCE (277) 22
FUNCTION (278) 4
INTEGER (279) 15
IF (280) 23
IS (281) 14 24
NOT (282) 48
OTHERS (283) 24
REAL (284) 16
REDUCE (285) 22
RETURNS (286) 4
THEN (287) 23
WHEN (288) 32


Nonterminals, with rules where they appear

$accept (39)
    on left: 0
function (40)
    on left: 1, on right: 0
function_header_ (41)
    on left: 2 3, on right: 1
function_header (42)
    on left: 4, on right: 2
parameters (43)
    on left: 5, on right: 4
optional_parameter (44)
    on left: 6 7, on right: 5
parameter (45)
    on left: 8, on right: 5 6
variables2 (46)
    on left: 9, on right: 1
variables (47)
    on left: 10 11, on right: 9
optional_variable (48)
    on left: 12 13, on right: 9 10
variable (49)
    on left: 14, on right: 10 12
type (50)
    on left: 15 16 17, on right: 4 8 14
body (51)
    on left: 18, on right: 1
statement_ (52)
    on left: 19 20, on right: 14 18 23 24 27 32
statement (53)
    on left: 21 22 23 24, on right: 19
operator (54)
    on left: 25 26, on right: 22
reductions (55)
    on left: 27 28, on right: 22 27
cases (56)
    on left: 29, on right: 24
optional_case (57)
    on left: 30 31, on right: 29
case (58)
    on left: 32, on right: 29 30
expression (59)
    on left: 33 34, on right: 21 23 24 33 47 48
expression2 (60)
    on left: 35 36, on right: 33 34 35
relation (61)
    on left: 37 38, on right: 35 36 37
relation2 (62)
    on left: 39 40, on right: 37 38 39
relation3 (63)
    on left: 41 42, on right: 39 40 41
term (64)
    on left: 43 44, on right: 41 42 43
factor (65)
    on left: 45 46, on right: 43 44 45
primary (66)
    on left: 47 48 49 50 51 52, on right: 45 46


State 0

    0 $accept: . function $end

    error     shift, and go to state 1
    FUNCTION  shift, and go to state 2

    function          go to state 3
    function_header_  go to state 4
    function_header   go to state 5


State 1

    3 function_header_: error . ';'

    ';'  shift, and go to state 6


State 2

    4 function_header: FUNCTION . IDENTIFIER parameters RETURNS type ';'

    IDENTIFIER  shift, and go to state 7


State 3

    0 $accept: function . $end

    $end  shift, and go to state 8


State 4

    1 function: function_header_ . variables2 body

    error       shift, and go to state 9
    IDENTIFIER  shift, and go to state 10

    variables2  go to state 11
    variables   go to state 12
    variable    go to state 13


State 5

    2 function_header_: function_header .

    $default  reduce using rule 2 (function_header_)


State 6

    3 function_header_: error ';' .

    $default  reduce using rule 3 (function_header_)


State 7

    4 function_header: FUNCTION IDENTIFIER . parameters RETURNS type ';'

    IDENTIFIER  shift, and go to state 14

    parameters  go to state 15
    parameter   go to state 16


State 8

    0 $accept: function $end .

    $default  accept


State 9

   11 variables: error . ';'

    ';'  shift, and go to state 17


State 10

   14 variable: IDENTIFIER . ':' type IS statement_

    ':'  shift, and go to state 18


State 11

    1 function: function_header_ variables2 . body

    BEGIN_  shift, and go to state 19

    body  go to state 20


State 12

    9 variables2: variables . optional_variable

    IDENTIFIER  shift, and go to state 10

    $default  reduce using rule 13 (optional_variable)

    optional_variable  go to state 21
    variable           go to state 22


State 13

   10 variables: variable . optional_variable

    IDENTIFIER  shift, and go to state 10

    IDENTIFIER  [reduce using rule 13 (optional_variable)]
    $default    reduce using rule 13 (optional_variable)

    optional_variable  go to state 23
    variable           go to state 22


State 14

    8 parameter: IDENTIFIER . ':' type

    ':'  shift, and go to state 24


State 15

    4 function_header: FUNCTION IDENTIFIER parameters . RETURNS type ';'

    RETURNS  shift, and go to state 25


State 16

    5 parameters: parameter . optional_parameter

    ','  shift, and go to state 26

    $default  reduce using rule 7 (optional_parameter)

    optional_parameter  go to state 27


State 17

   11 variables: error ';' .

    $default  reduce using rule 11 (variables)


State 18

   14 variable: IDENTIFIER ':' . type IS statement_

    BOOLEAN  shift, and go to state 28
    INTEGER  shift, and go to state 29
    REAL     shift, and go to state 30

    type  go to state 31


State 19

   18 body: BEGIN_ . statement_ END ';'

    error         shift, and go to state 32
    IDENTIFIER    shift, and go to state 33
    INT_LITERAL   shift, and go to state 34
    REAL_LITERAL  shift, and go to state 35
    BOOL_LITERAL  shift, and go to state 36
    CASE          shift, and go to state 37
    IF            shift, and go to state 38
    NOT           shift, and go to state 39
    REDUCE        shift, and go to state 40
    '('           shift, and go to state 41

    statement_   go to state 42
    statement    go to state 43
    expression   go to state 44
    expression2  go to state 45
    relation     go to state 46
    relation2    go to state 47
    relation3    go to state 48
    term         go to state 49
    factor       go to state 50
    primary      go to state 51


State 20

    1 function: function_header_ variables2 body .

    $default  reduce using rule 1 (function)


State 21

    9 variables2: variables optional_variable .

    $default  reduce using rule 9 (variables2)


State 22

   12 optional_variable: variable .

    $default  reduce using rule 12 (optional_variable)


State 23

   10 variables: variable optional_variable .

    $default  reduce using rule 10 (variables)


State 24

    8 parameter: IDENTIFIER ':' . type

    BOOLEAN  shift, and go to state 28
    INTEGER  shift, and go to state 29
    REAL     shift, and go to state 30

    type  go to state 52


State 25

    4 function_header: FUNCTION IDENTIFIER parameters RETURNS . type ';'

    BOOLEAN  shift, and go to state 28
    INTEGER  shift, and go to state 29
    REAL     shift, and go to state 30

    type  go to state 53


State 26

    6 optional_parameter: ',' . parameter

    IDENTIFIER  shift, and go to state 14

    parameter  go to state 54


State 27

    5 parameters: parameter optional_parameter .

    $default  reduce using rule 5 (parameters)


State 28

   17 type: BOOLEAN .

    $default  reduce using rule 17 (type)


State 29

   15 type: INTEGER .

    $default  reduce using rule 15 (type)


State 30

   16 type: REAL .

    $default  reduce using rule 16 (type)


State 31

   14 variable: IDENTIFIER ':' type . IS statement_

    IS  shift, and go to state 55


State 32

   20 statement_: error . ';'

    ';'  shift, and go to state 56


State 33

   52 primary: IDENTIFIER .

    $default  reduce using rule 52 (primary)


State 34

   49 primary: INT_LITERAL .

    $default  reduce using rule 49 (primary)


State 35

   50 primary: REAL_LITERAL .

    $default  reduce using rule 50 (primary)


State 36

   51 primary: BOOL_LITERAL .

    $default  reduce using rule 51 (primary)


State 37

   24 statement: CASE . expression IS cases OTHERS ARROWOP statement_ ENDCASE

    IDENTIFIER    shift, and go to state 33
    INT_LITERAL   shift, and go to state 34
    REAL_LITERAL  shift, and go to state 35
    BOOL_LITERAL  shift, and go to state 36
    NOT           shift, and go to state 39
    '('           shift, and go to state 41

    expression   go to state 57
    expression2  go to state 45
    relation     go to state 46
    relation2    go to state 47
    relation3    go to state 48
    term         go to state 49
    factor       go to state 50
    primary      go to state 51


State 38

   23 statement: IF . expression THEN statement_ ELSE statement_ ENDIF

    IDENTIFIER    shift, and go to state 33
    INT_LITERAL   shift, and go to state 34
    REAL_LITERAL  shift, and go to state 35
    BOOL_LITERAL  shift, and go to state 36
    NOT           shift, and go to state 39
    '('           shift, and go to state 41

    expression   go to state 58
    expression2  go to state 45
    relation     go to state 46
    relation2    go to state 47
    relation3    go to state 48
    term         go to state 49
    factor       go to state 50
    primary      go to state 51


State 39

   48 primary: NOT . expression

    IDENTIFIER    shift, and go to state 33
    INT_LITERAL   shift, and go to state 34
    REAL_LITERAL  shift, and go to state 35
    BOOL_LITERAL  shift, and go to state 36
    NOT           shift, and go to state 39
    '('           shift, and go to state 41

    expression   go to state 59
    expression2  go to state 45
    relation     go to state 46
    relation2    go to state 47
    relation3    go to state 48
    term         go to state 49
    factor       go to state 50
    primary      go to state 51


State 40

   22 statement: REDUCE . operator reductions ENDREDUCE

    ADDOP  shift, and go to state 60
    MULOP  shift, and go to state 61

    operator  go to state 62


State 41

   47 primary: '(' . expression ')'

    IDENTIFIER    shift, and go to state 33
    INT_LITERAL   shift, and go to state 34
    REAL_LITERAL  shift, and go to state 35
    BOOL_LITERAL  shift, and go to state 36
    NOT           shift, and go to state 39
    '('           shift, and go to state 41

    expression   go to state 63
    expression2  go to state 45
    relation     go to state 46
    relation2    go to state 47
    relation3    go to state 48
    term         go to state 49
    factor       go to state 50
    primary      go to state 51


State 42

   18 body: BEGIN_ statement_ . END ';'

    END  shift, and go to state 64


State 43

   19 statement_: statement . ';'

    ';'  shift, and go to state 65


State 44

   21 statement: expression .
   33 expression: expression . ANDOP expression2

    ANDOP  shift, and go to state 66

    $default  reduce using rule 21 (statement)


State 45

   34 expression: expression2 .
   35 expression2: expression2 . OROP relation

    OROP  shift, and go to state 67

    OROP      [reduce using rule 34 (expression)]
    $default  reduce using rule 34 (expression)


State 46

   36 expression2: relation .
   37 relation: relation . RELOP relation2

    RELOP  shift, and go to state 68

    RELOP     [reduce using rule 36 (expression2)]
    $default  reduce using rule 36 (expression2)


State 47

   38 relation: relation2 .
   39 relation2: relation2 . REMOP relation3

    REMOP  shift, and go to state 69

    REMOP     [reduce using rule 38 (relation)]
    $default  reduce using rule 38 (relation)


State 48

   40 relation2: relation3 .
   41 relation3: relation3 . EXPOP term

    EXPOP  shift, and go to state 70

    EXPOP     [reduce using rule 40 (relation2)]
    $default  reduce using rule 40 (relation2)


State 49

   42 relation3: term .
   43 term: term . ADDOP factor

    ADDOP  shift, and go to state 71

    ADDOP     [reduce using rule 42 (relation3)]
    $default  reduce using rule 42 (relation3)


State 50

   44 term: factor .
   45 factor: factor . MULOP primary

    MULOP  shift, and go to state 72

    MULOP     [reduce using rule 44 (term)]
    $default  reduce using rule 44 (term)


State 51

   46 factor: primary .

    $default  reduce using rule 46 (factor)


State 52

    8 parameter: IDENTIFIER ':' type .

    $default  reduce using rule 8 (parameter)


State 53

    4 function_header: FUNCTION IDENTIFIER parameters RETURNS type . ';'

    ';'  shift, and go to state 73


State 54

    6 optional_parameter: ',' parameter .

    $default  reduce using rule 6 (optional_parameter)


State 55

   14 variable: IDENTIFIER ':' type IS . statement_

    error         shift, and go to state 32
    IDENTIFIER    shift, and go to state 33
    INT_LITERAL   shift, and go to state 34
    REAL_LITERAL  shift, and go to state 35
    BOOL_LITERAL  shift, and go to state 36
    CASE          shift, and go to state 37
    IF            shift, and go to state 38
    NOT           shift, and go to state 39
    REDUCE        shift, and go to state 40
    '('           shift, and go to state 41

    statement_   go to state 74
    statement    go to state 43
    expression   go to state 44
    expression2  go to state 45
    relation     go to state 46
    relation2    go to state 47
    relation3    go to state 48
    term         go to state 49
    factor       go to state 50
    primary      go to state 51


State 56

   20 statement_: error ';' .

    $default  reduce using rule 20 (statement_)


State 57

   24 statement: CASE expression . IS cases OTHERS ARROWOP statement_ ENDCASE
   33 expression: expression . ANDOP expression2

    ANDOP  shift, and go to state 66
    IS     shift, and go to state 75


State 58

   23 statement: IF expression . THEN statement_ ELSE statement_ ENDIF
   33 expression: expression . ANDOP expression2

    ANDOP  shift, and go to state 66
    THEN   shift, and go to state 76


State 59

   33 expression: expression . ANDOP expression2
   48 primary: NOT expression .

    ANDOP  shift, and go to state 66

    ANDOP     [reduce using rule 48 (primary)]
    $default  reduce using rule 48 (primary)


State 60

   25 operator: ADDOP .

    $default  reduce using rule 25 (operator)


State 61

   26 operator: MULOP .

    $default  reduce using rule 26 (operator)


State 62

   22 statement: REDUCE operator . reductions ENDREDUCE

    $default  reduce using rule 28 (reductions)

    reductions  go to state 77


State 63

   33 expression: expression . ANDOP expression2
   47 primary: '(' expression . ')'

    ANDOP  shift, and go to state 66
    ')'    shift, and go to state 78


State 64

   18 body: BEGIN_ statement_ END . ';'

    ';'  shift, and go to state 79


State 65

   19 statement_: statement ';' .

    $default  reduce using rule 19 (statement_)


State 66

   33 expression: expression ANDOP . expression2

    IDENTIFIER    shift, and go to state 33
    INT_LITERAL   shift, and go to state 34
    REAL_LITERAL  shift, and go to state 35
    BOOL_LITERAL  shift, and go to state 36
    NOT           shift, and go to state 39
    '('           shift, and go to state 41

    expression2  go to state 80
    relation     go to state 46
    relation2    go to state 47
    relation3    go to state 48
    term         go to state 49
    factor       go to state 50
    primary      go to state 51


State 67

   35 expression2: expression2 OROP . relation

    IDENTIFIER    shift, and go to state 33
    INT_LITERAL   shift, and go to state 34
    REAL_LITERAL  shift, and go to state 35
    BOOL_LITERAL  shift, and go to state 36
    NOT           shift, and go to state 39
    '('           shift, and go to state 41

    relation   go to state 81
    relation2  go to state 47
    relation3  go to state 48
    term       go to state 49
    factor     go to state 50
    primary    go to state 51


State 68

   37 relation: relation RELOP . relation2

    IDENTIFIER    shift, and go to state 33
    INT_LITERAL   shift, and go to state 34
    REAL_LITERAL  shift, and go to state 35
    BOOL_LITERAL  shift, and go to state 36
    NOT           shift, and go to state 39
    '('           shift, and go to state 41

    relation2  go to state 82
    relation3  go to state 48
    term       go to state 49
    factor     go to state 50
    primary    go to state 51


State 69

   39 relation2: relation2 REMOP . relation3

    IDENTIFIER    shift, and go to state 33
    INT_LITERAL   shift, and go to state 34
    REAL_LITERAL  shift, and go to state 35
    BOOL_LITERAL  shift, and go to state 36
    NOT           shift, and go to state 39
    '('           shift, and go to state 41

    relation3  go to state 83
    term       go to state 49
    factor     go to state 50
    primary    go to state 51


State 70

   41 relation3: relation3 EXPOP . term

    IDENTIFIER    shift, and go to state 33
    INT_LITERAL   shift, and go to state 34
    REAL_LITERAL  shift, and go to state 35
    BOOL_LITERAL  shift, and go to state 36
    NOT           shift, and go to state 39
    '('           shift, and go to state 41

    term     go to state 84
    factor   go to state 50
    primary  go to state 51


State 71

   43 term: term ADDOP . factor

    IDENTIFIER    shift, and go to state 33
    INT_LITERAL   shift, and go to state 34
    REAL_LITERAL  shift, and go to state 35
    BOOL_LITERAL  shift, and go to state 36
    NOT           shift, and go to state 39
    '('           shift, and go to state 41

    factor   go to state 85
    primary  go to state 51


State 72

   45 factor: factor MULOP . primary

    IDENTIFIER    shift, and go to state 33
    INT_LITERAL   shift, and go to state 34
    REAL_LITERAL  shift, and go to state 35
    BOOL_LITERAL  shift, and go to state 36
    NOT           shift, and go to state 39
    '('           shift, and go to state 41

    primary  go to state 86


State 73

    4 function_header: FUNCTION IDENTIFIER parameters RETURNS type ';' .

    $default  reduce using rule 4 (function_header)


State 74

   14 variable: IDENTIFIER ':' type IS statement_ .

    $default  reduce using rule 14 (variable)


State 75

   24 statement: CASE expression IS . cases OTHERS ARROWOP statement_ ENDCASE

    WHEN  shift, and go to state 87

    cases  go to state 88
    case   go to state 89


State 76

   23 statement: IF expression THEN . statement_ ELSE statement_ ENDIF

    error         shift, and go to state 32
    IDENTIFIER    shift, and go to state 33
    INT_LITERAL   shift, and go to state 34
    REAL_LITERAL  shift, and go to state 35
    BOOL_LITERAL  shift, and go to state 36
    CASE          shift, and go to state 37
    IF            shift, and go to state 38
    NOT           shift, and go to state 39
    REDUCE        shift, and go to state 40
    '('           shift, and go to state 41

    statement_   go to state 90
    statement    go to state 43
    expression   go to state 44
    expression2  go to state 45
    relation     go to state 46
    relation2    go to state 47
    relation3    go to state 48
    term         go to state 49
    factor       go to state 50
    primary      go to state 51


State 77

   22 statement: REDUCE operator reductions . ENDREDUCE
   27 reductions: reductions . statement_

    error         shift, and go to state 32
    IDENTIFIER    shift, and go to state 33
    INT_LITERAL   shift, and go to state 34
    REAL_LITERAL  shift, and go to state 35
    BOOL_LITERAL  shift, and go to state 36
    CASE          shift, and go to state 37
    ENDREDUCE     shift, and go to state 91
    IF            shift, and go to state 38
    NOT           shift, and go to state 39
    REDUCE        shift, and go to state 40
    '('           shift, and go to state 41

    statement_   go to state 92
    statement    go to state 43
    expression   go to state 44
    expression2  go to state 45
    relation     go to state 46
    relation2    go to state 47
    relation3    go to state 48
    term         go to state 49
    factor       go to state 50
    primary      go to state 51


State 78

   47 primary: '(' expression ')' .

    $default  reduce using rule 47 (primary)


State 79

   18 body: BEGIN_ statement_ END ';' .

    $default  reduce using rule 18 (body)


State 80

   33 expression: expression ANDOP expression2 .
   35 expression2: expression2 . OROP relation

    OROP  shift, and go to state 67

    OROP      [reduce using rule 33 (expression)]
    $default  reduce using rule 33 (expression)


State 81

   35 expression2: expression2 OROP relation .
   37 relation: relation . RELOP relation2

    RELOP  shift, and go to state 68

    RELOP     [reduce using rule 35 (expression2)]
    $default  reduce using rule 35 (expression2)


State 82

   37 relation: relation RELOP relation2 .
   39 relation2: relation2 . REMOP relation3

    REMOP  shift, and go to state 69

    REMOP     [reduce using rule 37 (relation)]
    $default  reduce using rule 37 (relation)


State 83

   39 relation2: relation2 REMOP relation3 .
   41 relation3: relation3 . EXPOP term

    EXPOP  shift, and go to state 70

    EXPOP     [reduce using rule 39 (relation2)]
    $default  reduce using rule 39 (relation2)


State 84

   41 relation3: relation3 EXPOP term .
   43 term: term . ADDOP factor

    ADDOP  shift, and go to state 71

    ADDOP     [reduce using rule 41 (relation3)]
    $default  reduce using rule 41 (relation3)


State 85

   43 term: term ADDOP factor .
   45 factor: factor . MULOP primary

    MULOP  shift, and go to state 72

    MULOP     [reduce using rule 43 (term)]
    $default  reduce using rule 43 (term)


State 86

   45 factor: factor MULOP primary .

    $default  reduce using rule 45 (factor)


State 87

   32 case: WHEN . INT_LITERAL ARROWOP statement_

    INT_LITERAL  shift, and go to state 93


State 88

   24 statement: CASE expression IS cases . OTHERS ARROWOP statement_ ENDCASE

    OTHERS  shift, and go to state 94


State 89

   29 cases: case . optional_case

    WHEN  shift, and go to state 87

    $default  reduce using rule 31 (optional_case)

    optional_case  go to state 95
    case           go to state 96


State 90

   23 statement: IF expression THEN statement_ . ELSE statement_ ENDIF

    ELSE  shift, and go to state 97


State 91

   22 statement: REDUCE operator reductions ENDREDUCE .

    $default  reduce using rule 22 (statement)


State 92

   27 reductions: reductions statement_ .

    $default  reduce using rule 27 (reductions)


State 93

   32 case: WHEN INT_LITERAL . ARROWOP statement_

    ARROWOP  shift, and go to state 98


State 94

   24 statement: CASE expression IS cases OTHERS . ARROWOP statement_ ENDCASE

    ARROWOP  shift, and go to state 99


State 95

   29 cases: case optional_case .

    $default  reduce using rule 29 (cases)


State 96

   30 optional_case: case .

    $default  reduce using rule 30 (optional_case)


State 97

   23 statement: IF expression THEN statement_ ELSE . statement_ ENDIF

    error         shift, and go to state 32
    IDENTIFIER    shift, and go to state 33
    INT_LITERAL   shift, and go to state 34
    REAL_LITERAL  shift, and go to state 35
    BOOL_LITERAL  shift, and go to state 36
    CASE          shift, and go to state 37
    IF            shift, and go to state 38
    NOT           shift, and go to state 39
    REDUCE        shift, and go to state 40
    '('           shift, and go to state 41

    statement_   go to state 100
    statement    go to state 43
    expression   go to state 44
    expression2  go to state 45
    relation     go to state 46
    relation2    go to state 47
    relation3    go to state 48
    term         go to state 49
    factor       go to state 50
    primary      go to state 51


State 98

   32 case: WHEN INT_LITERAL ARROWOP . statement_

    error         shift, and go to state 32
    IDENTIFIER    shift, and go to state 33
    INT_LITERAL   shift, and go to state 34
    REAL_LITERAL  shift, and go to state 35
    BOOL_LITERAL  shift, and go to state 36
    CASE          shift, and go to state 37
    IF            shift, and go to state 38
    NOT           shift, and go to state 39
    REDUCE        shift, and go to state 40
    '('           shift, and go to state 41

    statement_   go to state 101
    statement    go to state 43
    expression   go to state 44
    expression2  go to state 45
    relation     go to state 46
    relation2    go to state 47
    relation3    go to state 48
    term         go to state 49
    factor       go to state 50
    primary      go to state 51


State 99

   24 statement: CASE expression IS cases OTHERS ARROWOP . statement_ ENDCASE

    error         shift, and go to state 32
    IDENTIFIER    shift, and go to state 33
    INT_LITERAL   shift, and go to state 34
    REAL_LITERAL  shift, and go to state 35
    BOOL_LITERAL  shift, and go to state 36
    CASE          shift, and go to state 37
    IF            shift, and go to state 38
    NOT           shift, and go to state 39
    REDUCE        shift, and go to state 40
    '('           shift, and go to state 41

    statement_   go to state 102
    statement    go to state 43
    expression   go to state 44
    expression2  go to state 45
    relation     go to state 46
    relation2    go to state 47
    relation3    go to state 48
    term         go to state 49
    factor       go to state 50
    primary      go to state 51


State 100

   23 statement: IF expression THEN statement_ ELSE statement_ . ENDIF

    ENDIF  shift, and go to state 103


State 101

   32 case: WHEN INT_LITERAL ARROWOP statement_ .

    $default  reduce using rule 32 (case)


State 102

   24 statement: CASE expression IS cases OTHERS ARROWOP statement_ . ENDCASE

    ENDCASE  shift, and go to state 104


State 103

   23 statement: IF expression THEN statement_ ELSE statement_ ENDIF .

    $default  reduce using rule 23 (statement)


State 104

   24 statement: CASE expression IS cases OTHERS ARROWOP statement_ ENDCASE .

    $default  reduce using rule 24 (statement)
